#
# There is insufficient memory for the Java Runtime Environment to continue.
# Native memory allocation (malloc) failed to allocate 273678336 bytes for committing reserved memory.
# Possible reasons:
#   The system is out of physical RAM or swap space
#   In 32 bit mode, the process size limit was hit
# Possible solutions:
#   Reduce memory load on the system
#   Increase physical memory or swap space
#   Check if swap backing store is full
#   Use 64 bit Java on a 64 bit OS
#   Decrease Java heap size (-Xmx/-Xms)
#   Decrease number of Java threads
#   Decrease Java thread stack sizes (-Xss)
#   Set larger code cache with -XX:ReservedCodeCacheSize=
# This output file may be truncated or incomplete.
#
#  Out of Memory Error (os_linux.cpp:2809), pid=9859, tid=139893260949248
#
# JRE version: OpenJDK Runtime Environment (7.0_79-b14) (build 1.7.0_79-b14)
# Java VM: OpenJDK 64-Bit Server VM (24.79-b02 mixed mode linux-amd64 compressed oops)
# Derivative: IcedTea 2.5.6
# Distribution: Ubuntu 14.04 LTS, package 7u79-2.5.6-0ubuntu1.14.04.1
# Failed to write core dump. Core dumps have been disabled. To enable core dumping, try "ulimit -c unlimited" before starting Java again
#

---------------  T H R E A D  ---------------

Current thread (0x00007f3b78074000):  VMThread [stack: 0x00007f3b70101000,0x00007f3b70202000] [id=9871]

Stack: [0x00007f3b70101000,0x00007f3b70202000],  sp=0x00007f3b70200490,  free space=1021k
Native frames: (J=compiled Java code, j=interpreted, Vv=VM code, C=native code)
V  [libjvm.so+0x94afd5]  VMError::report_and_die()+0x175
V  [libjvm.so+0x48b9f4]  report_vm_out_of_memory(char const*, int, unsigned long, char const*)+0x74
V  [libjvm.so+0x7c809b]  os::pd_commit_memory(char*, unsigned long, unsigned long, bool)+0xeb
V  [libjvm.so+0x7c2b3f]  os::commit_memory(char*, unsigned long, unsigned long, bool)+0x1f
V  [libjvm.so+0x83503b]  PSVirtualSpace::expand_by(unsigned long)+0x5b
V  [libjvm.so+0x824d8b]  PSOldGen::expand_by(unsigned long) [clone .part.80]+0x1b
V  [libjvm.so+0x824f4b]  PSOldGen::expand(unsigned long) [clone .part.81]+0xdb
V  [libjvm.so+0x825e78]  PSOldGen::resize(unsigned long)+0x188
V  [libjvm.so+0x82cf44]  PSParallelCompact::invoke_no_policy(bool)+0x9c4
V  [libjvm.so+0x83317d]  PSScavenge::invoke()+0x17d
V  [libjvm.so+0x7e9723]  ParallelScavengeHeap::failed_mem_allocate(unsigned long)+0x63
V  [libjvm.so+0x94c9d4]  VM_ParallelGCFailedAllocation::doit()+0x84
V  [libjvm.so+0x950ed7]  VM_Operation::evaluate()+0x47
V  [libjvm.so+0x94f848]  VMThread::evaluate_operation(VM_Operation*)+0x318
V  [libjvm.so+0x94fca9]  VMThread::loop()+0x219
V  [libjvm.so+0x9500f2]  VMThread::run()+0x72
V  [libjvm.so+0x7c4f62]  java_start(Thread*)+0xf2

VM_Operation (0x00007f3b7f7ac0b0): ParallelGCFailedAllocation, mode: safepoint, requested by thread 0x00007f3b7800a800


---------------  P R O C E S S  ---------------

Java Threads: ( => current thread )
  0x00007f3b7814a000 JavaThread "Monitor Ctrl-Break" daemon [_thread_in_native, id=9886, stack(0x00007f3b6afec000,0x00007f3b6b0ed000)]
  0x00007f3b780af000 JavaThread "Service Thread" daemon [_thread_blocked, id=9884, stack(0x00007f3b6b419000,0x00007f3b6b51a000)]
  0x00007f3b780ac800 JavaThread "C2 CompilerThread1" daemon [_thread_blocked, id=9883, stack(0x00007f3b6b51a000,0x00007f3b6b61b000)]
  0x00007f3b780aa000 JavaThread "C2 CompilerThread0" daemon [_thread_blocked, id=9882, stack(0x00007f3b6b61b000,0x00007f3b6b71c000)]
  0x00007f3b780a7800 JavaThread "Signal Dispatcher" daemon [_thread_blocked, id=9881, stack(0x00007f3b6b71c000,0x00007f3b6b81d000)]
  0x00007f3b7807a800 JavaThread "Finalizer" daemon [_thread_blocked, id=9875, stack(0x00007f3b6beff000,0x00007f3b6c000000)]
  0x00007f3b78078800 JavaThread "Reference Handler" daemon [_thread_blocked, id=9874, stack(0x00007f3b70000000,0x00007f3b70101000)]
  0x00007f3b7800a800 JavaThread "main" [_thread_blocked, id=9862, stack(0x00007f3b7f6ad000,0x00007f3b7f7ae000)]

Other Threads:
=>0x00007f3b78074000 VMThread [stack: 0x00007f3b70101000,0x00007f3b70202000] [id=9871]
  0x00007f3b780b9800 WatcherThread [stack: 0x00007f3b6b318000,0x00007f3b6b419000] [id=9885]

VM state:at safepoint (normal execution)

VM Mutex/Monitor currently owned by a thread:  ([mutex/lock_event])
[0x00007f3b780068f0] ExpandHeap_lock - owner thread: 0x00007f3b78074000
[0x00007f3b78006f70] Threads_lock - owner thread: 0x00007f3b78074000
[0x00007f3b78007470] Heap_lock - owner thread: 0x00007f3b7800a800

Heap
 PSYoungGen      total 347136K, used 62237K [0x00000000dfe80000, 0x0000000100000000, 0x0000000100000000)
  eden space 175616K, 0% used [0x00000000dfe80000,0x00000000dfe80000,0x00000000eaa00000)
  from space 171520K, 36% used [0x00000000f5880000,0x00000000f9547420,0x0000000100000000)
  to   space 175104K, 0% used [0x00000000eaa00000,0x00000000eaa00000,0x00000000f5500000)
 ParOldGen       total 713216K, used 712785K [0x000000009fc00000, 0x00000000cb480000, 0x00000000dfe80000)
  object space 713216K, 99% used [0x000000009fc00000,0x00000000cb414428,0x00000000cb480000)
 PSPermGen       total 21504K, used 3386K [0x0000000095600000, 0x0000000096b00000, 0x000000009fc00000)
  object space 21504K, 15% used [0x0000000095600000,0x000000009594eb38,0x0000000096b00000)

Card table byte_map: [0x00007f3b74caa000,0x00007f3b75000000] byte_map_base: 0x00007f3b747ff000

Polling page: 0x00007f3b7f7c6000

Code Cache  [0x00007f3b75000000, 0x00007f3b75270000, 0x00007f3b78000000)
 total_blobs=279 nmethods=90 adapters=143 free_code_cache=48595Kb largest_free_block=49734400

Compilation events (10 events):
Event: 3.561 Thread 0x00007f3b780ac800 nmethod 86 0x00007f3b7508c710 code [0x00007f3b7508c860, 0x00007f3b7508c978]
Event: 3.561 Thread 0x00007f3b780ac800   87             java.util.regex.Pattern::sequence (553 bytes)
Event: 3.566 Thread 0x00007f3b780aa000 nmethod 85 0x00007f3b7507ac90 code [0x00007f3b7507ade0, 0x00007f3b7507b0b8]
Event: 3.566 Thread 0x00007f3b780aa000   88             java.util.Arrays::copyOf (47 bytes)
Event: 3.568 Thread 0x00007f3b780aa000 nmethod 88 0x00007f3b7507a810 code [0x00007f3b7507a960, 0x00007f3b7507ab38]
Event: 3.569 Thread 0x00007f3b780aa000   89             java.util.Arrays::asList (9 bytes)
Event: 3.580 Thread 0x00007f3b780aa000 nmethod 89 0x00007f3b7507a510 code [0x00007f3b7507a660, 0x00007f3b7507a738]
Event: 3.580 Thread 0x00007f3b780aa000   90 % !         DPLLSearch::readClauseSet @ 25 (135 bytes)
Event: 3.604 Thread 0x00007f3b780ac800 nmethod 87 0x00007f3b7508ca50 code [0x00007f3b7508ccc0, 0x00007f3b7508d418]
Event: 3.771 Thread 0x00007f3b780aa000 nmethod 90% 0x00007f3b75089410 code [0x00007f3b75089620, 0x00007f3b7508a010]

GC Heap History (10 events):
Event: 126.846 GC heap after
Heap after GC invocations=23 (full 5):
 PSYoungGen      total 363008K, used 123896K [0x00000000dfe80000, 0x0000000100000000, 0x0000000100000000)
  eden space 239104K, 0% used [0x00000000dfe80000,0x00000000dfe80000,0x00000000ee800000)
  from space 123904K, 99% used [0x00000000f8600000,0x00000000ffefe200,0x00000000fff00000)
  to   space 143360K, 0% used [0x00000000ee800000,0x00000000ee800000,0x00000000f7400000)
 ParOldGen       total 713216K, used 495791K [0x000000009fc00000, 0x00000000cb480000, 0x00000000dfe80000)
  object space 713216K, 69% used [0x000000009fc00000,0x00000000be02be90,0x00000000cb480000)
 PSPermGen       total 21504K, used 3386K [0x0000000095600000, 0x0000000096b00000, 0x000000009fc00000)
  object space 21504K, 15% used [0x0000000095600000,0x000000009594eb38,0x0000000096b00000)
}
Event: 127.948 GC heap before
{Heap before GC invocations=24 (full 5):
 PSYoungGen      total 363008K, used 363000K [0x00000000dfe80000, 0x0000000100000000, 0x0000000100000000)
  eden space 239104K, 100% used [0x00000000dfe80000,0x00000000ee800000,0x00000000ee800000)
  from space 123904K, 99% used [0x00000000f8600000,0x00000000ffefe200,0x00000000fff00000)
  to   space 143360K, 0% used [0x00000000ee800000,0x00000000ee800000,0x00000000f7400000)
 ParOldGen       total 713216K, used 495791K [0x000000009fc00000, 0x00000000cb480000, 0x00000000dfe80000)
  object space 713216K, 69% used [0x000000009fc00000,0x00000000be02be90,0x00000000cb480000)
 PSPermGen       total 21504K, used 3386K [0x0000000095600000, 0x0000000096b00000, 0x000000009fc00000)
  object space 21504K, 15% used [0x0000000095600000,0x000000009594eb38,0x0000000096b00000)
Event: 129.472 GC heap after
Heap after GC invocations=24 (full 5):
 PSYoungGen      total 340992K, used 101696K [0x00000000dfe80000, 0x0000000100000000, 0x0000000100000000)
  eden space 239104K, 0% used [0x00000000dfe80000,0x00000000dfe80000,0x00000000ee800000)
  from space 101888K, 99% used [0x00000000ee800000,0x00000000f4b50000,0x00000000f4b80000)
  to   space 149504K, 0% used [0x00000000f6e00000,0x00000000f6e00000,0x0000000100000000)
 ParOldGen       total 713216K, used 565224K [0x000000009fc00000, 0x00000000cb480000, 0x00000000dfe80000)
  object space 713216K, 79% used [0x000000009fc00000,0x00000000c23fa090,0x00000000cb480000)
 PSPermGen       total 21504K, used 3386K [0x0000000095600000, 0x0000000096b00000, 0x000000009fc00000)
  object space 21504K, 15% used [0x0000000095600000,0x000000009594eb38,0x0000000096b00000)
}
Event: 130.652 GC heap before
{Heap before GC invocations=25 (full 5):
 PSYoungGen      total 340992K, used 340800K [0x00000000dfe80000, 0x0000000100000000, 0x0000000100000000)
  eden space 239104K, 100% used [0x00000000dfe80000,0x00000000ee800000,0x00000000ee800000)
  from space 101888K, 99% used [0x00000000ee800000,0x00000000f4b50000,0x00000000f4b80000)
  to   space 149504K, 0% used [0x00000000f6e00000,0x00000000f6e00000,0x0000000100000000)
 ParOldGen       total 713216K, used 565224K [0x000000009fc00000, 0x00000000cb480000, 0x00000000dfe80000)
  object space 713216K, 79% used [0x000000009fc00000,0x00000000c23fa090,0x00000000cb480000)
 PSPermGen       total 21504K, used 3386K [0x0000000095600000, 0x0000000096b00000, 0x000000009fc00000)
  object space 21504K, 15% used [0x0000000095600000,0x000000009594eb38,0x0000000096b00000)
Event: 131.966 GC heap after
Heap after GC invocations=25 (full 5):
 PSYoungGen      total 332288K, used 148832K [0x00000000dfe80000, 0x0000000100000000, 0x0000000100000000)
  eden space 182784K, 0% used [0x00000000dfe80000,0x00000000dfe80000,0x00000000eb100000)
  from space 149504K, 99% used [0x00000000f6e00000,0x00000000fff58000,0x0000000100000000)
  to   space 171520K, 0% used [0x00000000eb100000,0x00000000eb100000,0x00000000f5880000)
 ParOldGen       total 713216K, used 565224K [0x000000009fc00000, 0x00000000cb480000, 0x00000000dfe80000)
  object space 713216K, 79% used [0x000000009fc00000,0x00000000c23fa090,0x00000000cb480000)
 PSPermGen       total 21504K, used 3386K [0x0000000095600000, 0x0000000096b00000, 0x000000009fc00000)
  object space 21504K, 15% used [0x0000000095600000,0x000000009594eb38,0x0000000096b00000)
}
Event: 132.503 GC heap before
{Heap before GC invocations=26 (full 5):
 PSYoungGen      total 332288K, used 331616K [0x00000000dfe80000, 0x0000000100000000, 0x0000000100000000)
  eden space 182784K, 100% used [0x00000000dfe80000,0x00000000eb100000,0x00000000eb100000)
  from space 149504K, 99% used [0x00000000f6e00000,0x00000000fff58000,0x0000000100000000)
  to   space 171520K, 0% used [0x00000000eb100000,0x00000000eb100000,0x00000000f5880000)
 ParOldGen       total 713216K, used 565224K [0x000000009fc00000, 0x00000000cb480000, 0x00000000dfe80000)
  object space 713216K, 79% used [0x000000009fc00000,0x00000000c23fa090,0x00000000cb480000)
 PSPermGen       total 21504K, used 3386K [0x0000000095600000, 0x0000000096b00000, 0x000000009fc00000)
  object space 21504K, 15% used [0x0000000095600000,0x000000009594eb38,0x0000000096b00000)
Event: 133.913 GC heap after
Heap after GC invocations=26 (full 5):
 PSYoungGen      total 354304K, used 171520K [0x00000000dfe80000, 0x0000000100000000, 0x0000000100000000)
  eden space 182784K, 0% used [0x00000000dfe80000,0x00000000dfe80000,0x00000000eb100000)
  from space 171520K, 100% used [0x00000000eb100000,0x00000000f5880000,0x00000000f5880000)
  to   space 171520K, 0% used [0x00000000f5880000,0x00000000f5880000,0x0000000100000000)
 ParOldGen       total 713216K, used 578520K [0x000000009fc00000, 0x00000000cb480000, 0x00000000dfe80000)
  object space 713216K, 81% used [0x000000009fc00000,0x00000000c30f6090,0x00000000cb480000)
 PSPermGen       total 21504K, used 3386K [0x0000000095600000, 0x0000000096b00000, 0x000000009fc00000)
  object space 21504K, 15% used [0x0000000095600000,0x000000009594eb38,0x0000000096b00000)
}
Event: 134.775 GC heap before
{Heap before GC invocations=27 (full 5):
 PSYoungGen      total 354304K, used 354304K [0x00000000dfe80000, 0x0000000100000000, 0x0000000100000000)
  eden space 182784K, 100% used [0x00000000dfe80000,0x00000000eb100000,0x00000000eb100000)
  from space 171520K, 100% used [0x00000000eb100000,0x00000000f5880000,0x00000000f5880000)
  to   space 171520K, 0% used [0x00000000f5880000,0x00000000f5880000,0x0000000100000000)
 ParOldGen       total 713216K, used 578520K [0x000000009fc00000, 0x00000000cb480000, 0x00000000dfe80000)
  object space 713216K, 81% used [0x000000009fc00000,0x00000000c30f6090,0x00000000cb480000)
 PSPermGen       total 21504K, used 3386K [0x0000000095600000, 0x0000000096b00000, 0x000000009fc00000)
  object space 21504K, 15% used [0x0000000095600000,0x000000009594eb38,0x0000000096b00000)
Event: 137.671 GC heap after
Heap after GC invocations=27 (full 5):
 PSYoungGen      total 347136K, used 119168K [0x00000000dfe80000, 0x0000000100000000, 0x0000000100000000)
  eden space 175616K, 0% used [0x00000000dfe80000,0x00000000dfe80000,0x00000000eaa00000)
  from space 171520K, 69% used [0x00000000f5880000,0x00000000fcce0000,0x0000000100000000)
  to   space 175104K, 0% used [0x00000000eaa00000,0x00000000eaa00000,0x00000000f5500000)
 ParOldGen       total 713216K, used 667088K [0x000000009fc00000, 0x00000000cb480000, 0x00000000dfe80000)
  object space 713216K, 93% used [0x000000009fc00000,0x00000000c8774090,0x00000000cb480000)
 PSPermGen       total 21504K, used 3386K [0x0000000095600000, 0x0000000096b00000, 0x000000009fc00000)
  object space 21504K, 15% used [0x0000000095600000,0x000000009594eb38,0x0000000096b00000)
}
Event: 137.672 GC heap before
{Heap before GC invocations=28 (full 6):
 PSYoungGen      total 347136K, used 119168K [0x00000000dfe80000, 0x0000000100000000, 0x0000000100000000)
  eden space 175616K, 0% used [0x00000000dfe80000,0x00000000dfe80000,0x00000000eaa00000)
  from space 171520K, 69% used [0x00000000f5880000,0x00000000fcce0000,0x0000000100000000)
  to   space 175104K, 0% used [0x00000000eaa00000,0x00000000eaa00000,0x00000000f5500000)
 ParOldGen       total 713216K, used 667088K [0x000000009fc00000, 0x00000000cb480000, 0x00000000dfe80000)
  object space 713216K, 93% used [0x000000009fc00000,0x00000000c8774090,0x00000000cb480000)
 PSPermGen       total 21504K, used 3386K [0x0000000095600000, 0x0000000096b00000, 0x000000009fc00000)
  object space 21504K, 15% used [0x0000000095600000,0x000000009594eb38,0x0000000096b00000)

Deoptimization events (4 events):
Event: 1.602 Thread 0x00007f3b7800a800 Uncommon trap: reason=array_check action=maybe_recompile pc=0x00007f3b750670e0 method=java.util.AbstractCollection.toArray([Ljava/lang/Object;)[Ljava/lang/Object; @ 119
Event: 1.602 Thread 0x00007f3b7800a800 Uncommon trap: reason=array_check action=maybe_recompile pc=0x00007f3b750670e0 method=java.util.AbstractCollection.toArray([Ljava/lang/Object;)[Ljava/lang/Object; @ 119
Event: 1.602 Thread 0x00007f3b7800a800 Uncommon trap: reason=array_check action=maybe_recompile pc=0x00007f3b750670e0 method=java.util.AbstractCollection.toArray([Ljava/lang/Object;)[Ljava/lang/Object; @ 119
Event: 1.602 Thread 0x00007f3b7800a800 Uncommon trap: reason=array_check action=maybe_recompile pc=0x00007f3b750670e0 method=java.util.AbstractCollection.toArray([Ljava/lang/Object;)[Ljava/lang/Object; @ 119

Internal exceptions (8 events):
Event: 0.188 Thread 0x00007f3b7800a800 Threw 0x00000000dfe8f250 at /build/openjdk-7-FO0dNI/openjdk-7-7u79-2.5.6/build/openjdk/hotspot/src/share/vm/prims/jni.cpp:3995
Event: 0.581 Thread 0x00007f3b7800a800 Threw 0x00000000dfed0828 at /build/openjdk-7-FO0dNI/openjdk-7-7u79-2.5.6/build/openjdk/hotspot/src/share/vm/prims/jni.cpp:721
Event: 0.581 Thread 0x00007f3b7800a800 Threw 0x00000000dfed09a8 at /build/openjdk-7-FO0dNI/openjdk-7-7u79-2.5.6/build/openjdk/hotspot/src/share/vm/prims/jvm.cpp:1284
Event: 0.581 Thread 0x00007f3b7800a800 Threw 0x00000000dfed0ad0 at /build/openjdk-7-FO0dNI/openjdk-7-7u79-2.5.6/build/openjdk/hotspot/src/share/vm/prims/jvm.cpp:1284
Event: 0.582 Thread 0x00007f3b7800a800 Threw 0x00000000dfed30e8 at /build/openjdk-7-FO0dNI/openjdk-7-7u79-2.5.6/build/openjdk/hotspot/src/share/vm/prims/jvm.cpp:1284
Event: 0.719 Thread 0x00007f3b7800a800 Threw 0x00000000dfef7010 at /build/openjdk-7-FO0dNI/openjdk-7-7u79-2.5.6/build/openjdk/hotspot/src/share/vm/prims/jvm.cpp:1284
Event: 0.746 Thread 0x00007f3b7800a800 Threw 0x00000000dfefc9b8 at /build/openjdk-7-FO0dNI/openjdk-7-7u79-2.5.6/build/openjdk/hotspot/src/share/vm/prims/jvm.cpp:1284
Event: 0.748 Thread 0x00007f3b7800a800 Threw 0x00000000dff054c8 at /build/openjdk-7-FO0dNI/openjdk-7-7u79-2.5.6/build/openjdk/hotspot/src/share/vm/prims/jvm.cpp:1284

Events (10 events):
Event: 124.497 Executing VM operation: ParallelGCFailedAllocation done
Event: 125.793 Executing VM operation: ParallelGCFailedAllocation
Event: 126.846 Executing VM operation: ParallelGCFailedAllocation done
Event: 127.948 Executing VM operation: ParallelGCFailedAllocation
Event: 129.472 Executing VM operation: ParallelGCFailedAllocation done
Event: 130.652 Executing VM operation: ParallelGCFailedAllocation
Event: 131.966 Executing VM operation: ParallelGCFailedAllocation done
Event: 132.503 Executing VM operation: ParallelGCFailedAllocation
Event: 133.914 Executing VM operation: ParallelGCFailedAllocation done
Event: 134.775 Executing VM operation: ParallelGCFailedAllocation


Dynamic libraries:
00400000-00401000 r-xp 00000000 08:01 51155                              /usr/lib/jvm/java-7-openjdk-amd64/jre/bin/java
00600000-00601000 r--p 00000000 08:01 51155                              /usr/lib/jvm/java-7-openjdk-amd64/jre/bin/java
00601000-00602000 rw-p 00001000 08:01 51155                              /usr/lib/jvm/java-7-openjdk-amd64/jre/bin/java
01517000-01538000 rw-p 00000000 00:00 0                                  [heap]
95600000-96b00000 rw-p 00000000 00:00 0 
96b00000-9fc00000 rw-p 00000000 00:00 0 
9fc00000-cb480000 rw-p 00000000 00:00 0 
db980000-dfe80000 rw-p 00000000 00:00 0 
dfe80000-100000000 rw-p 00000000 00:00 0 
7f3b3c000000-7f3b3c021000 rw-p 00000000 00:00 0 
7f3b3c021000-7f3b40000000 ---p 00000000 00:00 0 
7f3b40000000-7f3b40021000 rw-p 00000000 00:00 0 
7f3b40021000-7f3b44000000 ---p 00000000 00:00 0 
7f3b44000000-7f3b4456f000 rw-p 00000000 00:00 0 
7f3b4456f000-7f3b48000000 ---p 00000000 00:00 0 
7f3b48000000-7f3b48021000 rw-p 00000000 00:00 0 
7f3b48021000-7f3b4c000000 ---p 00000000 00:00 0 
7f3b4c000000-7f3b4c021000 rw-p 00000000 00:00 0 
7f3b4c021000-7f3b50000000 ---p 00000000 00:00 0 
7f3b50000000-7f3b50785000 rw-p 00000000 00:00 0 
7f3b50785000-7f3b54000000 ---p 00000000 00:00 0 
7f3b54000000-7f3b54021000 rw-p 00000000 00:00 0 
7f3b54021000-7f3b58000000 ---p 00000000 00:00 0 
7f3b58000000-7f3b58021000 rw-p 00000000 00:00 0 
7f3b58021000-7f3b5c000000 ---p 00000000 00:00 0 
7f3b5c000000-7f3b5c118000 rw-p 00000000 00:00 0 
7f3b5c118000-7f3b60000000 ---p 00000000 00:00 0 
7f3b60000000-7f3b60021000 rw-p 00000000 00:00 0 
7f3b60021000-7f3b64000000 ---p 00000000 00:00 0 
7f3b64000000-7f3b64467000 rw-p 00000000 00:00 0 
7f3b64467000-7f3b68000000 ---p 00000000 00:00 0 
7f3b69801000-7f3b69a6c000 rw-p 00000000 00:00 0 
7f3b69a6c000-7f3b69aa9000 r-xp 00000000 08:01 6175                       /lib/x86_64-linux-gnu/libpcre.so.3.13.1
7f3b69aa9000-7f3b69ca8000 ---p 0003d000 08:01 6175                       /lib/x86_64-linux-gnu/libpcre.so.3.13.1
7f3b69ca8000-7f3b69ca9000 r--p 0003c000 08:01 6175                       /lib/x86_64-linux-gnu/libpcre.so.3.13.1
7f3b69ca9000-7f3b69caa000 rw-p 0003d000 08:01 6175                       /lib/x86_64-linux-gnu/libpcre.so.3.13.1
7f3b69caa000-7f3b69cb1000 r-xp 00000000 08:01 144269                     /usr/lib/x86_64-linux-gnu/libffi.so.6.0.1
7f3b69cb1000-7f3b69eb0000 ---p 00007000 08:01 144269                     /usr/lib/x86_64-linux-gnu/libffi.so.6.0.1
7f3b69eb0000-7f3b69eb1000 r--p 00006000 08:01 144269                     /usr/lib/x86_64-linux-gnu/libffi.so.6.0.1
7f3b69eb1000-7f3b69eb2000 rw-p 00007000 08:01 144269                     /usr/lib/x86_64-linux-gnu/libffi.so.6.0.1
7f3b69eb2000-7f3b69ec9000 r-xp 00000000 08:01 6198                       /lib/x86_64-linux-gnu/libresolv-2.19.so
7f3b69ec9000-7f3b6a0c9000 ---p 00017000 08:01 6198                       /lib/x86_64-linux-gnu/libresolv-2.19.so
7f3b6a0c9000-7f3b6a0ca000 r--p 00017000 08:01 6198                       /lib/x86_64-linux-gnu/libresolv-2.19.so
7f3b6a0ca000-7f3b6a0cb000 rw-p 00018000 08:01 6198                       /lib/x86_64-linux-gnu/libresolv-2.19.so
7f3b6a0cb000-7f3b6a0cd000 rw-p 00000000 00:00 0 
7f3b6a0cd000-7f3b6a0ed000 r-xp 00000000 08:01 6202                       /lib/x86_64-linux-gnu/libselinux.so.1
7f3b6a0ed000-7f3b6a2ec000 ---p 00020000 08:01 6202                       /lib/x86_64-linux-gnu/libselinux.so.1
7f3b6a2ec000-7f3b6a2ed000 r--p 0001f000 08:01 6202                       /lib/x86_64-linux-gnu/libselinux.so.1
7f3b6a2ed000-7f3b6a2ee000 rw-p 00020000 08:01 6202                       /lib/x86_64-linux-gnu/libselinux.so.1
7f3b6a2ee000-7f3b6a2f0000 rw-p 00000000 00:00 0 
7f3b6a2f0000-7f3b6a2f3000 r-xp 00000000 08:01 144382                     /usr/lib/x86_64-linux-gnu/libgmodule-2.0.so.0.4002.0
7f3b6a2f3000-7f3b6a4f2000 ---p 00003000 08:01 144382                     /usr/lib/x86_64-linux-gnu/libgmodule-2.0.so.0.4002.0
7f3b6a4f2000-7f3b6a4f3000 r--p 00002000 08:01 144382                     /usr/lib/x86_64-linux-gnu/libgmodule-2.0.so.0.4002.0
7f3b6a4f3000-7f3b6a4f4000 rw-p 00003000 08:01 144382                     /usr/lib/x86_64-linux-gnu/libgmodule-2.0.so.0.4002.0
7f3b6a4f4000-7f3b6a5fa000 r-xp 00000000 08:01 6103                       /lib/x86_64-linux-gnu/libglib-2.0.so.0.4002.0
7f3b6a5fa000-7f3b6a7f9000 ---p 00106000 08:01 6103                       /lib/x86_64-linux-gnu/libglib-2.0.so.0.4002.0
7f3b6a7f9000-7f3b6a7fa000 r--p 00105000 08:01 6103                       /lib/x86_64-linux-gnu/libglib-2.0.so.0.4002.0
7f3b6a7fa000-7f3b6a7fb000 rw-p 00106000 08:01 6103                       /lib/x86_64-linux-gnu/libglib-2.0.so.0.4002.0
7f3b6a7fb000-7f3b6a7fc000 rw-p 00000000 00:00 0 
7f3b6a7fc000-7f3b6a84b000 r-xp 00000000 08:01 144398                     /usr/lib/x86_64-linux-gnu/libgobject-2.0.so.0.4002.0
7f3b6a84b000-7f3b6aa4b000 ---p 0004f000 08:01 144398                     /usr/lib/x86_64-linux-gnu/libgobject-2.0.so.0.4002.0
7f3b6aa4b000-7f3b6aa4c000 r--p 0004f000 08:01 144398                     /usr/lib/x86_64-linux-gnu/libgobject-2.0.so.0.4002.0
7f3b6aa4c000-7f3b6aa4d000 rw-p 00050000 08:01 144398                     /usr/lib/x86_64-linux-gnu/libgobject-2.0.so.0.4002.0
7f3b6aa4d000-7f3b6abb9000 r-xp 00000000 08:01 144370                     /usr/lib/x86_64-linux-gnu/libgio-2.0.so.0.4002.0
7f3b6abb9000-7f3b6adb8000 ---p 0016c000 08:01 144370                     /usr/lib/x86_64-linux-gnu/libgio-2.0.so.0.4002.0
7f3b6adb8000-7f3b6adbc000 r--p 0016b000 08:01 144370                     /usr/lib/x86_64-linux-gnu/libgio-2.0.so.0.4002.0
7f3b6adbc000-7f3b6adbe000 rw-p 0016f000 08:01 144370                     /usr/lib/x86_64-linux-gnu/libgio-2.0.so.0.4002.0
7f3b6adbe000-7f3b6adc0000 rw-p 00000000 00:00 0 
7f3b6add3000-7f3b6add4000 rw-p 00000000 00:00 0 
7f3b6add4000-7f3b6adeb000 r-xp 00000000 08:01 51105                      /usr/lib/jvm/java-7-openjdk-amd64/jre/lib/amd64/libnet.so
7f3b6adeb000-7f3b6afea000 ---p 00017000 08:01 51105                      /usr/lib/jvm/java-7-openjdk-amd64/jre/lib/amd64/libnet.so
7f3b6afea000-7f3b6afeb000 r--p 00016000 08:01 51105                      /usr/lib/jvm/java-7-openjdk-amd64/jre/lib/amd64/libnet.so
7f3b6afeb000-7f3b6afec000 rw-p 00017000 08:01 51105                      /usr/lib/jvm/java-7-openjdk-amd64/jre/lib/amd64/libnet.so
7f3b6afec000-7f3b6afef000 ---p 00000000 00:00 0 
7f3b6afef000-7f3b6b0ed000 rw-p 00000000 00:00 0                          [stack:9886]
7f3b6b0ed000-7f3b6b0ee000 r-xp 00000000 08:01 332470                     /home/min/Downloads/idea-IC-141.2735.5/bin/libbreakgen64.so
7f3b6b0ee000-7f3b6b2ed000 ---p 00001000 08:01 332470                     /home/min/Downloads/idea-IC-141.2735.5/bin/libbreakgen64.so
7f3b6b2ed000-7f3b6b2ee000 r--p 00000000 08:01 332470                     /home/min/Downloads/idea-IC-141.2735.5/bin/libbreakgen64.so
7f3b6b2ee000-7f3b6b2ef000 rw-p 00001000 08:01 332470                     /home/min/Downloads/idea-IC-141.2735.5/bin/libbreakgen64.so
7f3b6b2ef000-7f3b6b2f1000 r--s 00016000 08:01 330933                     /home/min/Downloads/idea-IC-141.2735.5/lib/idea_rt.jar
7f3b6b2f1000-7f3b6b2f6000 r--s 0004d000 08:01 51050                      /usr/lib/jvm/java-7-openjdk-amd64/jre/lib/jsse.jar
7f3b6b2f6000-7f3b6b300000 r--s 00203000 08:01 51045                      /usr/lib/jvm/java-7-openjdk-amd64/jre/lib/charsets.jar
7f3b6b300000-7f3b6b30a000 r--s 000ae000 08:01 51046                      /usr/lib/jvm/java-7-openjdk-amd64/jre/lib/resources.jar
7f3b6b30a000-7f3b6b318000 r--s 0010f000 08:01 51053                      /usr/lib/jvm/java-7-openjdk-amd64/jre/lib/rhino.jar
7f3b6b318000-7f3b6b319000 ---p 00000000 00:00 0 
7f3b6b319000-7f3b6b419000 rw-p 00000000 00:00 0                          [stack:9885]
7f3b6b419000-7f3b6b41c000 ---p 00000000 00:00 0 
7f3b6b41c000-7f3b6b51a000 rw-p 00000000 00:00 0                          [stack:9884]
7f3b6b51a000-7f3b6b51d000 ---p 00000000 00:00 0 
7f3b6b51d000-7f3b6b61b000 rw-p 00000000 00:00 0                          [stack:9883]
7f3b6b61b000-7f3b6b61e000 ---p 00000000 00:00 0 
7f3b6b61e000-7f3b6b71c000 rw-p 00000000 00:00 0                          [stack:9882]
7f3b6b71c000-7f3b6b71f000 ---p 00000000 00:00 0 
7f3b6b71f000-7f3b6b81d000 rw-p 00000000 00:00 0                          [stack:9881]
7f3b6b81d000-7f3b6beff000 r--p 00000000 08:01 137489                     /usr/lib/locale/locale-archive
7f3b6beff000-7f3b6bf02000 ---p 00000000 00:00 0 
7f3b6bf02000-7f3b6c000000 rw-p 00000000 00:00 0                          [stack:9875]
7f3b6c000000-7f3b6c724000 rw-p 00000000 00:00 0 
7f3b6c724000-7f3b70000000 ---p 00000000 00:00 0 
7f3b70000000-7f3b70003000 ---p 00000000 00:00 0 
7f3b70003000-7f3b70101000 rw-p 00000000 00:00 0                          [stack:9874]
7f3b70101000-7f3b70102000 ---p 00000000 00:00 0 
7f3b70102000-7f3b70edb000 rw-p 00000000 00:00 0                          [stack:9871]
7f3b70edb000-7f3b7108c000 r--s 01d29000 08:01 51043                      /usr/lib/jvm/java-7-openjdk-amd64/jre/lib/rt.jar
7f3b7108c000-7f3b749a7000 rw-p 00000000 00:00 0 
7f3b749a7000-7f3b749a8000 ---p 00000000 00:00 0 
7f3b749a8000-7f3b74aa8000 rw-p 00000000 00:00 0                          [stack:9869]
7f3b74aa8000-7f3b74aa9000 ---p 00000000 00:00 0 
7f3b74aa9000-7f3b74ba9000 rw-p 00000000 00:00 0                          [stack:9866]
7f3b74ba9000-7f3b74baa000 ---p 00000000 00:00 0 
7f3b74baa000-7f3b74cb5000 rw-p 00000000 00:00 0                          [stack:9864]
7f3b74cb5000-7f3b74cfd000 rw-p 00000000 00:00 0 
7f3b74cfd000-7f3b74e5a000 rw-p 00000000 00:00 0 
7f3b74e5a000-7f3b74efe000 rw-p 00000000 00:00 0 
7f3b74efe000-7f3b74fff000 rw-p 00000000 00:00 0 
7f3b74fff000-7f3b75000000 rw-p 00000000 00:00 0 
7f3b75000000-7f3b75270000 rwxp 00000000 00:00 0 
7f3b75270000-7f3b7816c000 rw-p 00000000 00:00 0 
7f3b7816c000-7f3b7c000000 ---p 00000000 00:00 0 
7f3b7c000000-7f3b7c002000 r--s 00006000 08:01 52188                      /usr/share/java/java-atk-wrapper.jar
7f3b7c002000-7f3b7c003000 r--s 00000000 08:01 51047                      /usr/lib/jvm/java-7-openjdk-amd64/jre/lib/management-agent.jar
7f3b7c003000-7f3b7c004000 r--s 0000a000 08:01 51115                      /usr/lib/jvm/java-7-openjdk-amd64/jre/lib/javazic.jar
7f3b7c004000-7f3b7c007000 r--s 00017000 08:01 51054                      /usr/lib/jvm/java-7-openjdk-amd64/jre/lib/jce.jar
7f3b7c007000-7f3b7c009000 r--s 00006000 08:01 52188                      /usr/share/java/java-atk-wrapper.jar
7f3b7c009000-7f3b7c00d000 r--s 0003c000 08:01 51063                      /usr/lib/jvm/java-7-openjdk-amd64/jre/lib/ext/sunpkcs11.jar
7f3b7c00d000-7f3b7c011000 r--s 00085000 08:01 51060                      /usr/lib/jvm/java-7-openjdk-amd64/jre/lib/ext/localedata.jar
7f3b7c011000-7f3b7c09f000 rw-p 00000000 00:00 0 
7f3b7c09f000-7f3b7c0e7000 rw-p 00000000 00:00 0 
7f3b7c0e7000-7f3b7c244000 rw-p 00000000 00:00 0 
7f3b7c244000-7f3b7c2e9000 rw-p 00000000 00:00 0 
7f3b7c2e9000-7f3b7c2f1000 r-xp 00000000 08:01 51076                      /usr/lib/jvm/java-7-openjdk-amd64/jre/lib/amd64/libzip.so
7f3b7c2f1000-7f3b7c4f0000 ---p 00008000 08:01 51076                      /usr/lib/jvm/java-7-openjdk-amd64/jre/lib/amd64/libzip.so
7f3b7c4f0000-7f3b7c4f1000 r--p 00007000 08:01 51076                      /usr/lib/jvm/java-7-openjdk-amd64/jre/lib/amd64/libzip.so
7f3b7c4f1000-7f3b7c4f2000 rw-p 00008000 08:01 51076                      /usr/lib/jvm/java-7-openjdk-amd64/jre/lib/amd64/libzip.so
7f3b7c4f2000-7f3b7c4fd000 r-xp 00000000 08:01 6147                       /lib/x86_64-linux-gnu/libnss_files-2.19.so
7f3b7c4fd000-7f3b7c6fc000 ---p 0000b000 08:01 6147                       /lib/x86_64-linux-gnu/libnss_files-2.19.so
7f3b7c6fc000-7f3b7c6fd000 r--p 0000a000 08:01 6147                       /lib/x86_64-linux-gnu/libnss_files-2.19.so
7f3b7c6fd000-7f3b7c6fe000 rw-p 0000b000 08:01 6147                       /lib/x86_64-linux-gnu/libnss_files-2.19.so
7f3b7c6fe000-7f3b7c709000 r-xp 00000000 08:01 6157                       /lib/x86_64-linux-gnu/libnss_nis-2.19.so
7f3b7c709000-7f3b7c908000 ---p 0000b000 08:01 6157                       /lib/x86_64-linux-gnu/libnss_nis-2.19.so
7f3b7c908000-7f3b7c909000 r--p 0000a000 08:01 6157                       /lib/x86_64-linux-gnu/libnss_nis-2.19.so
7f3b7c909000-7f3b7c90a000 rw-p 0000b000 08:01 6157                       /lib/x86_64-linux-gnu/libnss_nis-2.19.so
7f3b7c90a000-7f3b7c921000 r-xp 00000000 08:01 6141                       /lib/x86_64-linux-gnu/libnsl-2.19.so
7f3b7c921000-7f3b7cb20000 ---p 00017000 08:01 6141                       /lib/x86_64-linux-gnu/libnsl-2.19.so
7f3b7cb20000-7f3b7cb21000 r--p 00016000 08:01 6141                       /lib/x86_64-linux-gnu/libnsl-2.19.so
7f3b7cb21000-7f3b7cb22000 rw-p 00017000 08:01 6141                       /lib/x86_64-linux-gnu/libnsl-2.19.so
7f3b7cb22000-7f3b7cb24000 rw-p 00000000 00:00 0 
7f3b7cb24000-7f3b7cb2d000 r-xp 00000000 08:01 6143                       /lib/x86_64-linux-gnu/libnss_compat-2.19.so
7f3b7cb2d000-7f3b7cd2c000 ---p 00009000 08:01 6143                       /lib/x86_64-linux-gnu/libnss_compat-2.19.so
7f3b7cd2c000-7f3b7cd2d000 r--p 00008000 08:01 6143                       /lib/x86_64-linux-gnu/libnss_compat-2.19.so
7f3b7cd2d000-7f3b7cd2e000 rw-p 00009000 08:01 6143                       /lib/x86_64-linux-gnu/libnss_compat-2.19.so
7f3b7cd2e000-7f3b7cd59000 r-xp 00000000 08:01 51113                      /usr/lib/jvm/java-7-openjdk-amd64/jre/lib/amd64/libjava.so
7f3b7cd59000-7f3b7cf58000 ---p 0002b000 08:01 51113                      /usr/lib/jvm/java-7-openjdk-amd64/jre/lib/amd64/libjava.so
7f3b7cf58000-7f3b7cf59000 r--p 0002a000 08:01 51113                      /usr/lib/jvm/java-7-openjdk-amd64/jre/lib/amd64/libjava.so
7f3b7cf59000-7f3b7cf5b000 rw-p 0002b000 08:01 51113                      /usr/lib/jvm/java-7-openjdk-amd64/jre/lib/amd64/libjava.so
7f3b7cf5b000-7f3b7cf6b000 r-xp 00000000 08:01 51094                      /usr/lib/jvm/java-7-openjdk-amd64/jre/lib/amd64/libverify.so
7f3b7cf6b000-7f3b7d16a000 ---p 00010000 08:01 51094                      /usr/lib/jvm/java-7-openjdk-amd64/jre/lib/amd64/libverify.so
7f3b7d16a000-7f3b7d16c000 r--p 0000f000 08:01 51094                      /usr/lib/jvm/java-7-openjdk-amd64/jre/lib/amd64/libverify.so
7f3b7d16c000-7f3b7d16d000 rw-p 00011000 08:01 51094                      /usr/lib/jvm/java-7-openjdk-amd64/jre/lib/amd64/libverify.so
7f3b7d16d000-7f3b7d174000 r-xp 00000000 08:01 6200                       /lib/x86_64-linux-gnu/librt-2.19.so
7f3b7d174000-7f3b7d373000 ---p 00007000 08:01 6200                       /lib/x86_64-linux-gnu/librt-2.19.so
7f3b7d373000-7f3b7d374000 r--p 00006000 08:01 6200                       /lib/x86_64-linux-gnu/librt-2.19.so
7f3b7d374000-7f3b7d375000 rw-p 00007000 08:01 6200                       /lib/x86_64-linux-gnu/librt-2.19.so
7f3b7d375000-7f3b7d38b000 r-xp 00000000 08:01 6099                       /lib/x86_64-linux-gnu/libgcc_s.so.1
7f3b7d38b000-7f3b7d58a000 ---p 00016000 08:01 6099                       /lib/x86_64-linux-gnu/libgcc_s.so.1
7f3b7d58a000-7f3b7d58b000 rw-p 00015000 08:01 6099                       /lib/x86_64-linux-gnu/libgcc_s.so.1
7f3b7d58b000-7f3b7d690000 r-xp 00000000 08:01 6122                       /lib/x86_64-linux-gnu/libm-2.19.so
7f3b7d690000-7f3b7d88f000 ---p 00105000 08:01 6122                       /lib/x86_64-linux-gnu/libm-2.19.so
7f3b7d88f000-7f3b7d890000 r--p 00104000 08:01 6122                       /lib/x86_64-linux-gnu/libm-2.19.so
7f3b7d890000-7f3b7d891000 rw-p 00105000 08:01 6122                       /lib/x86_64-linux-gnu/libm-2.19.so
7f3b7d891000-7f3b7d977000 r-xp 00000000 08:01 144891                     /usr/lib/x86_64-linux-gnu/libstdc++.so.6.0.19
7f3b7d977000-7f3b7db76000 ---p 000e6000 08:01 144891                     /usr/lib/x86_64-linux-gnu/libstdc++.so.6.0.19
7f3b7db76000-7f3b7db7e000 r--p 000e5000 08:01 144891                     /usr/lib/x86_64-linux-gnu/libstdc++.so.6.0.19
7f3b7db7e000-7f3b7db80000 rw-p 000ed000 08:01 144891                     /usr/lib/x86_64-linux-gnu/libstdc++.so.6.0.19
7f3b7db80000-7f3b7db95000 rw-p 00000000 00:00 0 
7f3b7db95000-7f3b7e6ae000 r-xp 00000000 08:01 51082                      /usr/lib/jvm/java-7-openjdk-amd64/jre/lib/amd64/server/libjvm.so
7f3b7e6ae000-7f3b7e8ae000 ---p 00b19000 08:01 51082                      /usr/lib/jvm/java-7-openjdk-amd64/jre/lib/amd64/server/libjvm.so
7f3b7e8ae000-7f3b7e948000 r--p 00b19000 08:01 51082                      /usr/lib/jvm/java-7-openjdk-amd64/jre/lib/amd64/server/libjvm.so
7f3b7e948000-7f3b7e96b000 rw-p 00bb3000 08:01 51082                      /usr/lib/jvm/java-7-openjdk-amd64/jre/lib/amd64/server/libjvm.so
7f3b7e96b000-7f3b7e999000 rw-p 00000000 00:00 0 
7f3b7e999000-7f3b7e9b1000 r-xp 00000000 08:01 6235                       /lib/x86_64-linux-gnu/libz.so.1.2.8
7f3b7e9b1000-7f3b7ebb0000 ---p 00018000 08:01 6235                       /lib/x86_64-linux-gnu/libz.so.1.2.8
7f3b7ebb0000-7f3b7ebb1000 r--p 00017000 08:01 6235                       /lib/x86_64-linux-gnu/libz.so.1.2.8
7f3b7ebb1000-7f3b7ebb2000 rw-p 00018000 08:01 6235                       /lib/x86_64-linux-gnu/libz.so.1.2.8
7f3b7ebb2000-7f3b7ebcb000 r-xp 00000000 08:01 6192                       /lib/x86_64-linux-gnu/libpthread-2.19.so
7f3b7ebcb000-7f3b7edca000 ---p 00019000 08:01 6192                       /lib/x86_64-linux-gnu/libpthread-2.19.so
7f3b7edca000-7f3b7edcb000 r--p 00018000 08:01 6192                       /lib/x86_64-linux-gnu/libpthread-2.19.so
7f3b7edcb000-7f3b7edcc000 rw-p 00019000 08:01 6192                       /lib/x86_64-linux-gnu/libpthread-2.19.so
7f3b7edcc000-7f3b7edd0000 rw-p 00000000 00:00 0 
7f3b7edd0000-7f3b7edd3000 r-xp 00000000 08:01 6089                       /lib/x86_64-linux-gnu/libdl-2.19.so
7f3b7edd3000-7f3b7efd2000 ---p 00003000 08:01 6089                       /lib/x86_64-linux-gnu/libdl-2.19.so
7f3b7efd2000-7f3b7efd3000 r--p 00002000 08:01 6089                       /lib/x86_64-linux-gnu/libdl-2.19.so
7f3b7efd3000-7f3b7efd4000 rw-p 00003000 08:01 6089                       /lib/x86_64-linux-gnu/libdl-2.19.so
7f3b7efd4000-7f3b7f18f000 r-xp 00000000 08:01 6072                       /lib/x86_64-linux-gnu/libc-2.19.so
7f3b7f18f000-7f3b7f38e000 ---p 001bb000 08:01 6072                       /lib/x86_64-linux-gnu/libc-2.19.so
7f3b7f38e000-7f3b7f392000 r--p 001ba000 08:01 6072                       /lib/x86_64-linux-gnu/libc-2.19.so
7f3b7f392000-7f3b7f394000 rw-p 001be000 08:01 6072                       /lib/x86_64-linux-gnu/libc-2.19.so
7f3b7f394000-7f3b7f399000 rw-p 00000000 00:00 0 
7f3b7f399000-7f3b7f3a6000 r-xp 00000000 08:01 51079                      /usr/lib/jvm/java-7-openjdk-amd64/jre/lib/amd64/jli/libjli.so
7f3b7f3a6000-7f3b7f5a5000 ---p 0000d000 08:01 51079                      /usr/lib/jvm/java-7-openjdk-amd64/jre/lib/amd64/jli/libjli.so
7f3b7f5a5000-7f3b7f5a6000 r--p 0000c000 08:01 51079                      /usr/lib/jvm/java-7-openjdk-amd64/jre/lib/amd64/jli/libjli.so
7f3b7f5a6000-7f3b7f5a7000 rw-p 0000d000 08:01 51079                      /usr/lib/jvm/java-7-openjdk-amd64/jre/lib/amd64/jli/libjli.so
7f3b7f5a7000-7f3b7f5ca000 r-xp 00000000 08:01 6048                       /lib/x86_64-linux-gnu/ld-2.19.so
7f3b7f5ca000-7f3b7f5cb000 r--s 00000000 08:01 51042                      /usr/lib/jvm/java-7-openjdk-amd64/jre/lib/compilefontconfig.jar
7f3b7f5cb000-7f3b7f5f7000 rw-p 00000000 00:00 0 
7f3b7f5f7000-7f3b7f6ad000 rw-p 00000000 00:00 0 
7f3b7f6ad000-7f3b7f6b0000 ---p 00000000 00:00 0 
7f3b7f6b0000-7f3b7f7b3000 rw-p 00000000 00:00 0                          [stack:9862]
7f3b7f7b3000-7f3b7f7b5000 r--s 00012000 08:01 51065                      /usr/lib/jvm/java-7-openjdk-amd64/jre/lib/ext/zipfs.jar
7f3b7f7b5000-7f3b7f7b6000 r--s 00002000 08:01 51061                      /usr/lib/jvm/java-7-openjdk-amd64/jre/lib/ext/dnsns.jar
7f3b7f7b6000-7f3b7f7b9000 r--s 0000f000 08:01 51064                      /usr/lib/jvm/java-7-openjdk-amd64/jre/lib/ext/icedtea-sound.jar
7f3b7f7b9000-7f3b7f7bd000 r--s 00034000 08:01 51062                      /usr/lib/jvm/java-7-openjdk-amd64/jre/lib/ext/sunjce_provider.jar
7f3b7f7bd000-7f3b7f7c5000 rw-s 00000000 08:01 57230                      /tmp/hsperfdata_min/9859
7f3b7f7c5000-7f3b7f7c6000 rw-p 00000000 00:00 0 
7f3b7f7c6000-7f3b7f7c7000 ---p 00000000 00:00 0 
7f3b7f7c7000-7f3b7f7c9000 rw-p 00000000 00:00 0 
7f3b7f7c9000-7f3b7f7ca000 r--p 00022000 08:01 6048                       /lib/x86_64-linux-gnu/ld-2.19.so
7f3b7f7ca000-7f3b7f7cb000 rw-p 00023000 08:01 6048                       /lib/x86_64-linux-gnu/ld-2.19.so
7f3b7f7cb000-7f3b7f7cc000 rw-p 00000000 00:00 0 
7ffe4fd11000-7ffe4fd32000 rw-p 00000000 00:00 0                          [stack]
7ffe4fdf3000-7ffe4fdf5000 r--p 00000000 00:00 0                          [vvar]
7ffe4fdf5000-7ffe4fdf7000 r-xp 00000000 00:00 0                          [vdso]
ffffffffff600000-ffffffffff601000 r-xp 00000000 00:00 0                  [vsyscall]

VM Arguments:
jvm_args: -Didea.launcher.port=7534 -Didea.launcher.bin.path=/home/min/Downloads/idea-IC-141.2735.5/bin -Dfile.encoding=UTF-8 
java_command: com.intellij.rt.execution.application.AppMain DPLLSearch input_test3.txt
Launcher Type: SUN_STANDARD

Environment Variables:
PATH=/usr/local/sbin:/usr/local/bin:/usr/sbin:/usr/bin:/sbin:/bin:/usr/games:/usr/local/games
LD_LIBRARY_PATH=/home/min/Downloads/idea-IC-141.2735.5/bin:
SHELL=/usr/bin/zsh
DISPLAY=:0

Signal Handlers:
SIGSEGV: [libjvm.so+0x94bab0], sa_mask[0]=0x7ffbfeff, sa_flags=0x10000004
SIGBUS: [libjvm.so+0x94bab0], sa_mask[0]=0x7ffbfeff, sa_flags=0x10000004
SIGFPE: [libjvm.so+0x7c38b0], sa_mask[0]=0x7ffbfeff, sa_flags=0x10000004
SIGPIPE: [libjvm.so+0x7c38b0], sa_mask[0]=0x7ffbfeff, sa_flags=0x10000004
SIGXFSZ: [libjvm.so+0x7c38b0], sa_mask[0]=0x7ffbfeff, sa_flags=0x10000004
SIGILL: [libjvm.so+0x7c38b0], sa_mask[0]=0x7ffbfeff, sa_flags=0x10000004
SIGUSR1: SIG_DFL, sa_mask[0]=0x00000000, sa_flags=0x00000000
SIGUSR2: [libjvm.so+0x7c3750], sa_mask[0]=0x00000004, sa_flags=0x10000004
SIGHUP: [libjvm.so+0x7c3930], sa_mask[0]=0x7ffbfeff, sa_flags=0x10000004
SIGINT: [libjvm.so+0x7c3930], sa_mask[0]=0x7ffbfeff, sa_flags=0x10000004
SIGTERM: [libjvm.so+0x7c3930], sa_mask[0]=0x7ffbfeff, sa_flags=0x10000004
SIGQUIT: [libjvm.so+0x7c3930], sa_mask[0]=0x7ffbfeff, sa_flags=0x10000004
SIGTRAP: SIG_DFL, sa_mask[0]=0x00000000, sa_flags=0x00000000


---------------  S Y S T E M  ---------------

OS:Ubuntu 14.04 (trusty)
uname:Linux 3.19.0-25-generic #26~14.04.1-Ubuntu SMP Fri Jul 24 21:16:20 UTC 2015 x86_64
libc:glibc 2.19 NPTL 2.19 
rlimit: STACK 8192k, CORE 0k, NPROC 24550, NOFILE 4096, AS infinity
load average:22.10 12.96 5.72

/proc/meminfo:
MemTotal:        6306260 kB
MemFree:          121848 kB
MemAvailable:      53652 kB
Buffers:            1368 kB
Cached:            26552 kB
SwapCached:       107392 kB
Active:          5117240 kB
Inactive:         947148 kB
Active(anon):    5110536 kB
Inactive(anon):   938600 kB
Active(file):       6704 kB
Inactive(file):     8548 kB
Unevictable:          16 kB
Mlocked:              16 kB
SwapTotal:       2095100 kB
SwapFree:           2636 kB
Dirty:               164 kB
Writeback:             0 kB
AnonPages:       5929712 kB
Mapped:            22128 kB
Shmem:             12292 kB
Slab:              38932 kB
SReclaimable:      17288 kB
SUnreclaim:        21644 kB
KernelStack:       10096 kB
PageTables:        42704 kB
NFS_Unstable:          0 kB
Bounce:                0 kB
WritebackTmp:          0 kB
CommitLimit:     5248228 kB
Committed_AS:   12052404 kB
VmallocTotal:   34359738367 kB
VmallocUsed:       23876 kB
VmallocChunk:   34359711228 kB
HardwareCorrupted:     0 kB
AnonHugePages:   2506752 kB
CmaTotal:              0 kB
CmaFree:               0 kB
HugePages_Total:       0
HugePages_Free:        0
HugePages_Rsvd:        0
HugePages_Surp:        0
Hugepagesize:       2048 kB
DirectMap4k:       88000 kB
DirectMap2M:     6402048 kB


CPU:total 3 (3 cores per cpu, 1 threads per core) family 6 model 69 stepping 1, cmov, cx8, fxsr, mmx, sse, sse2, sse3, ssse3, sse4.1, sse4.2, popcnt, avx, aes, tsc, tscinvbit

/proc/cpuinfo:
processor	: 0
vendor_id	: GenuineIntel
cpu family	: 6
model		: 69
model name	: Intel(R) Core(TM) i5-4278U CPU @ 2.60GHz
stepping	: 1
microcode	: 0x19
cpu MHz		: 2599.998
cache size	: 3072 KB
physical id	: 0
siblings	: 3
core id		: 0
cpu cores	: 3
apicid		: 0
initial apicid	: 0
fpu		: yes
fpu_exception	: yes
cpuid level	: 13
wp		: yes
flags		: fpu vme de pse tsc msr pae mce cx8 apic sep mtrr pge mca cmov pat pse36 clflush mmx fxsr sse sse2 ht syscall nx rdtscp lm constant_tsc rep_good nopl xtopology nonstop_tsc pni pclmulqdq ssse3 cx16 sse4_1 sse4_2 movbe popcnt aes xsave avx rdrand hypervisor lahf_lm abm
bugs		:
bogomips	: 5199.99
clflush size	: 64
cache_alignment	: 64
address sizes	: 39 bits physical, 48 bits virtual
power management:

processor	: 1
vendor_id	: GenuineIntel
cpu family	: 6
model		: 69
model name	: Intel(R) Core(TM) i5-4278U CPU @ 2.60GHz
stepping	: 1
microcode	: 0x19
cpu MHz		: 2599.998
cache size	: 3072 KB
physical id	: 0
siblings	: 3
core id		: 1
cpu cores	: 3
apicid		: 1
initial apicid	: 1
fpu		: yes
fpu_exception	: yes
cpuid level	: 13
wp		: yes
flags		: fpu vme de pse tsc msr pae mce cx8 apic sep mtrr pge mca cmov pat pse36 clflush mmx fxsr sse sse2 ht syscall nx rdtscp lm constant_tsc rep_good nopl xtopology nonstop_tsc pni pclmulqdq ssse3 cx16 sse4_1 sse4_2 movbe popcnt aes xsave avx rdrand hypervisor lahf_lm abm
bugs		:
bogomips	: 5199.99
clflush size	: 64
cache_alignment	: 64
address sizes	: 39 bits physical, 48 bits virtual
power management:

processor	: 2
vendor_id	: GenuineIntel
cpu family	: 6
model		: 69
model name	: Intel(R) Core(TM) i5-4278U CPU @ 2.60GHz
stepping	: 1
microcode	: 0x19
cpu MHz		: 2599.998
cache size	: 3072 KB
physical id	: 0
siblings	: 3
core id		: 2
cpu cores	: 3
apicid		: 2
initial apicid	: 2
fpu		: yes
fpu_exception	: yes
cpuid level	: 13
wp		: yes
flags		: fpu vme de pse tsc msr pae mce cx8 apic sep mtrr pge mca cmov pat pse36 clflush mmx fxsr sse sse2 ht syscall nx rdtscp lm constant_tsc rep_good nopl xtopology nonstop_tsc pni pclmulqdq ssse3 cx16 sse4_1 sse4_2 movbe popcnt aes xsave avx rdrand hypervisor lahf_lm abm
bugs		:
bogomips	: 5199.99
clflush size	: 64
cache_alignment	: 64
address sizes	: 39 bits physical, 48 bits virtual
power management:



Memory: 4k page, physical 6306260k(121600k free), swap 2095100k(2848k free)

vm_info: OpenJDK 64-Bit Server VM (24.79-b02) for linux-amd64 JRE (1.7.0_79-b14), built on Jul 24 2015 08:15:54 by "buildd" with gcc 4.8.2

time: Mon Oct 12 23:58:58 2015
elapsed time: 207 seconds

